<?xml version="1.0" encoding="UTF-8"?>
<!-- Generated by org.testng.reporters.JUnitReportReporter -->
<testsuite hostname="MSI" name="logExampleTestNG.NOPCommApp" tests="1" failures="0" timestamp="21 Jul 2023 06:49:13 GMT" time="19.206" errors="0">
  <testcase name="verifyLoginTest" time="19.206" classname="logExampleTestNG.NOPCommApp"/>
</testsuite> <!-- logExampleTestNG.NOPCommApp -->
